


ARM Macro Assembler    Page 1 


    1 00000000         ;*******************************************************
                       ************
    2 00000000         ; main.s
    3 00000000         ; Author: Aiden Rader
    4 00000000         ; Date Created: 11/18/2016
    5 00000000         ; Last Modified: 7/18/2025
    6 00000000         ; Section Number: 042
    7 00000000         ; Instructor: Devinder Kaur
    8 00000000         ; Lab number: 6
    9 00000000         ; Brief description of the program
   10 00000000         ;   If the switch is presses, the LED toggles at 8 Hz
   11 00000000         ; Hardware connections
   12 00000000         ;   PE1 is switch input  (1 means pressed, 0 means not p
                       ressed)
   13 00000000         ;   PE0 is LED output (1 activates external LED on proto
                       board) 
   14 00000000         ; Overall functionality is similar to Lab 5, with three 
                       changes:
   15 00000000         ;   1) Initialize SysTick with RELOAD 0x00FFFFFF 
   16 00000000         ;   2) Add a heartbeat to PF2 that toggles every time th
                       rough loop 
   17 00000000         ;   3) Add debugging dump of input, output, and time
   18 00000000         ; Operation
   19 00000000         ; 1) Make PE0 an output and make PE1 an input. 
   20 00000000         ; 2) The system starts with the LED on (make PE0 =1). 
   21 00000000         ;   3) Wait about 62 ms
   22 00000000         ;   4) If the switch is pressed (PE1 is 1), then toggle 
                       the LED
   23 00000000         ;      once, else turn the LED on. 
   24 00000000         ;   5) Steps 3 and 4 are repeated over and over
   25 00000000         ;*******************************************************
                       ************
   26 00000000         
   27 00000000         ; GLOBAL VARIABLES
   28 00000000 40024004 
                       SWITCH  EQU              0x40024004  ;PE0
   29 00000000 40024008 
                       LED     EQU              0x40024008  ;PE1
   30 00000000 4C4F434B 
                       UNLOCK_PORTF
                               EQU              0x4C4F434B  ;Magic number to un
                                                            lock Port F
   31 00000000         
   32 00000000         ; SYSTEM RCG
   33 00000000 400FE608 
                       SYSCTL_RCGCGPIO_R
                               EQU              0x400FE608
   34 00000000 00000010 
                       SYSCTL_RCGC2_GPIOE
                               EQU              0x00000010  ;port E Clock Gatin
                                                            g Control
   35 00000000 00000020 
                       SYSCTL_RCGC2_GPIOF
                               EQU              0x00000020  ;port F Clock Gatin
                                                            g Control
   36 00000000         
   37 00000000         ; PORT E
   38 00000000 400243FC 
                       GPIO_PORTE_DATA_R



ARM Macro Assembler    Page 2 


                               EQU              0x400243FC
   39 00000000 40024400 
                       GPIO_PORTE_DIR_R
                               EQU              0x40024400
   40 00000000 40024420 
                       GPIO_PORTE_AFSEL_R
                               EQU              0x40024420
   41 00000000 40024528 
                       GPIO_PORTE_AMSEL_R
                               EQU              0x40024528
   42 00000000 40024510 
                       GPIO_PORTE_PUR_R
                               EQU              0x40024510
   43 00000000 4002451C 
                       GPIO_PORTE_DEN_R
                               EQU              0x4002451C
   44 00000000 4002452C 
                       GPIO_PORTE_PCTL_R
                               EQU              0x4002452C
   45 00000000         
   46 00000000         ; PORT F
   47 00000000 400253FC 
                       GPIO_PORTF_DATA_R
                               EQU              0x400253FC
   48 00000000 40025400 
                       GPIO_PORTF_DIR_R
                               EQU              0x40025400
   49 00000000 40025420 
                       GPIO_PORTF_AFSEL_R
                               EQU              0x40025420
   50 00000000 40025510 
                       GPIO_PORTF_PUR_R
                               EQU              0x40025510
   51 00000000 4002551C 
                       GPIO_PORTF_DEN_R
                               EQU              0x4002551C
   52 00000000 40025528 
                       GPIO_PORTF_AMSEL_R
                               EQU              0x40025528
   53 00000000 4002552C 
                       GPIO_PORTF_PCTL_R
                               EQU              0x4002552C
   54 00000000 40025520 
                       GPIO_PORTF_LOCK_R
                               EQU              0x40025520
   55 00000000 40025524 
                       GPIO_PORTF_CR_R
                               EQU              0x40025524
   56 00000000         
   57 00000000         ; SYSTICK
   58 00000000 E000E010 
                       NVIC_ST_CTRL_R
                               EQU              0xE000E010
   59 00000000 E000E014 
                       NVIC_ST_RELOAD_R
                               EQU              0xE000E014
   60 00000000 E000E018 
                       NVIC_ST_CURRENT_R
                               EQU              0xE000E018



ARM Macro Assembler    Page 3 


   61 00000000         
   62 00000000                 THUMB
   63 00000000                 AREA             DATA, ALIGN=4
   64 00000000 00000032 
                       SIZE    EQU              50
   65 00000000         
   66 00000000         ;You MUST use these two buffers and two variables
   67 00000000         ;You MUST not change their names
   68 00000000 00 00 00 
              00 00 00 
              00 00 00 
              00 00 00 
              00 00 00 
              00 00 00 
              00 00 00 
              00 00 00 
              00 00 00 
              00 00 00 
              00 00 00 
              00 00 00 
              00 00 00 
              00 00 00 
              00 00 00 
              00 00 00 
              00 00 00 
              00 00 00 
              00 00 00 
              00 00 00 
              00 00 00 
              00 00 00 
              00 00 00 
              00 00 00 
              00 00 00 
              00 00 00 
              00 00 00 
              00 00 00 
              00 00 00 
              00 00 00 
              00 00 00 
              00 00 00 
              00 00 00 
              00 00 00 
              00 00 00 
              00 00 00 
              00 00 00 
              00 00 00 
              00 00 00 
              00 00 00 
              00 00 00 
              00 00 00 
              00 00 00 
              00 00 00 
              00 00 00 
              00 00 00 
              00 00 00 
              00 00 00 
              00 00 00 
              00 00 00 
              00 00 00 



ARM Macro Assembler    Page 4 


              00 00 00 
              00 00 00 
              00 00 00 
              00 00 00 
              00 00 00 
              00 00 00 
              00 00 00 
              00 00 00 
              00 00 00 
              00 00 00 
              00 00 00 
              00 00 00 
              00 00 00 
              00 00 00 
              00 00 00 
              00 00    DataBuffer
                               SPACE            SIZE*4
   69 000000C8 00 00 00 
              00 00 00 
              00 00 00 
              00 00 00 
              00 00 00 
              00 00 00 
              00 00 00 
              00 00 00 
              00 00 00 
              00 00 00 
              00 00 00 
              00 00 00 
              00 00 00 
              00 00 00 
              00 00 00 
              00 00 00 
              00 00 00 
              00 00 00 
              00 00 00 
              00 00 00 
              00 00 00 
              00 00 00 
              00 00 00 
              00 00 00 
              00 00 00 
              00 00 00 
              00 00 00 
              00 00 00 
              00 00 00 
              00 00 00 
              00 00 00 
              00 00 00 
              00 00 00 
              00 00 00 
              00 00 00 
              00 00 00 
              00 00 00 
              00 00 00 
              00 00 00 
              00 00 00 
              00 00 00 
              00 00 00 



ARM Macro Assembler    Page 5 


              00 00 00 
              00 00 00 
              00 00 00 
              00 00 00 
              00 00 00 
              00 00 00 
              00 00 00 
              00 00 00 
              00 00 00 
              00 00 00 
              00 00 00 
              00 00 00 
              00 00 00 
              00 00 00 
              00 00 00 
              00 00 00 
              00 00 00 
              00 00 00 
              00 00 00 
              00 00 00 
              00 00 00 
              00 00 00 
              00 00 00 
              00 00 00 
              00 00    TimeBuffer
                               SPACE            SIZE*4
   70 00000190 00 00 00 
              00       DataPt  SPACE            4
   71 00000194 00 00 00 
              00       TimePt  SPACE            4
   72 00000198 00 00 00 
              00       Out_PE0 SPACE            4
   73 0000019C 00 00 00 
              00       In_PE1  SPACE            4
   74 000001A0 00 00 00 
              00       Heartbeat_PF2
                               SPACE            4
   75 000001A4         
   76 000001A4         ;These names MUST be exported
   77 000001A4                 EXPORT           DataBuffer
   78 000001A4                 EXPORT           TimeBuffer
   79 000001A4                 EXPORT           DataPt [DATA,SIZE=4]
   80 000001A4                 EXPORT           TimePt [DATA,SIZE=4]
   81 000001A4                 EXPORT           Out_PE0
   82 000001A4                 EXPORT           In_PE1
   83 000001A4                 EXPORT           Heartbeat_PF2
   84 000001A4         
   85 000001A4                 ALIGN
   86 000001A4                 AREA             |.text|, CODE, READONLY, ALIGN=
2
   87 00000000                 THUMB
   88 00000000                 EXPORT           Start
   89 00000000                 IMPORT           TExaS_Init
   90 00000000         
   91 00000000         
   92 00000000         ;------------init_PortE------------
   93 00000000         init_PortE
   94 00000000         
   95 00000000         ; Enable Port E Clock



ARM Macro Assembler    Page 6 


   96 00000000 496F            LDR              r1, =SYSCTL_RCGCGPIO_R
   97 00000002 6808            LDR              r0, [r1]
   98 00000004 F040 0010       ORR              r0, r0, #0x10
   99 00000008 6008            STR              r0, [r1]
  100 0000000A         
  101 0000000A BF00            NOP
  102 0000000C BF00            NOP
  103 0000000E         
  104 0000000E         ; Disable analog function
  105 0000000E 486D            LDR              r0, =GPIO_PORTE_AMSEL_R
  106 00000010 F04F 0100       MOV              r1, #0x00
  107 00000014 6001            STR              r1, [r0]
  108 00000016         
  109 00000016         ; Set Direction PE0 = output, PE1 = input
  110 00000016 486C            LDR              r0, =GPIO_PORTE_DIR_R
  111 00000018 F04F 0101       MOV              r1, #0x01
  112 0000001C 6001            STR              r1, [r0]
  113 0000001E         
  114 0000001E         ; Disable alternate functions
  115 0000001E 486B            LDR              r0, =GPIO_PORTE_AFSEL_R
  116 00000020 F04F 0100       MOV              r1, #0x00
  117 00000024 6001            STR              r1, [r0]
  118 00000026         
  119 00000026         ; Enable digital for PE0 and PE1
  120 00000026 486A            LDR              r0, =GPIO_PORTE_DEN_R
  121 00000028 F04F 0103       MOV              r1, #0x03
  122 0000002C 6001            STR              r1, [r0]
  123 0000002E         
  124 0000002E 4770            BX               LR
  125 00000030         
  126 00000030         ;------------init_PortF------------
  127 00000030         init_PortF
  128 00000030         
  129 00000030         ; Enable Clock for Port F
  130 00000030 4863            LDR              r0, =SYSCTL_RCGCGPIO_R
  131 00000032 6801            LDR              r1, [r0]
  132 00000034 F041 0120       ORR              r1, r1, #0x20
  133 00000038 6001            STR              r1, [r0]
  134 0000003A         
  135 0000003A         ; Set small delay
  136 0000003A BF00            NOP
  137 0000003C BF00            NOP
  138 0000003E         
  139 0000003E         ; Unlock Port F
  140 0000003E 4865            LDR              r0, =GPIO_PORTF_LOCK_R
  141 00000040 4965            LDR              r1, =UNLOCK_PORTF
  142 00000042 6001            STR              r1, [r0]
  143 00000044         
  144 00000044         ; Allow changes to Port F
  145 00000044 4865            LDR              r0, =GPIO_PORTF_CR_R
  146 00000046 6801            LDR              r1, [r0]
  147 00000048 F04F 0104       MOV              r1, #0x04
  148 0000004C 6001            STR              r1, [r0]
  149 0000004E         
  150 0000004E         ; Turn off AMSEL for Port F
  151 0000004E 4864            LDR              r0, =GPIO_PORTF_AMSEL_R
  152 00000050 6801            LDR              r1, [r0]
  153 00000052 F001 0100       AND              r1, #0x00
  154 00000056 6001            STR              r1, [r0]



ARM Macro Assembler    Page 7 


  155 00000058         
  156 00000058         ; Set Direction (input/output)
  157 00000058 4862            LDR              r0, =GPIO_PORTF_DIR_R
  158 0000005A 6801            LDR              r1, [r0]
  159 0000005C F04F 0104       MOV              r1, #0x04
  160 00000060 6001            STR              r1, [r0]
  161 00000062         
  162 00000062         ; Turn off AFSEL for Port E
  163 00000062 4861            LDR              r0, =GPIO_PORTF_AFSEL_R
  164 00000064 6801            LDR              r1, [r0]
  165 00000066 F001 0100       AND              r1, #0x00
  166 0000006A 6001            STR              r1, [r0]
  167 0000006C         
  168 0000006C         ; Digital Enable for PE0 & PE1
  169 0000006C 485F            LDR              r0, =GPIO_PORTF_DEN_R
  170 0000006E 6801            LDR              r1, [r0]
  171 00000070 F041 0104       ORR              r1, r1, #0x04
  172 00000074 6001            STR              r1, [r0]
  173 00000076         
  174 00000076         ; Set the GPIO Mode
  175 00000076 485E            LDR              r0, =GPIO_PORTF_DATA_R
  176 00000078 6801            LDR              r1, [r0]
  177 0000007A F001 31FF       AND              r1, #0xFFFFFFFF
  178 0000007E 6001            STR              r1, [r0]
  179 00000080         
  180 00000080 4770            BX               LR          ; Return from funct
                                                            ion
  181 00000082         
  182 00000082         ;------------SysTick_Init-----------------
  183 00000082         SysTick_Init
  184 00000082         
  185 00000082         ; disable SysTick during setup
  186 00000082 495C            LDR              R1, =NVIC_ST_CTRL_R ; R1 = &NVI
                                                            C_ST_CTRL_R
  187 00000084 F04F 0000       MOV              R0, #0      ; R0 = 0
  188 00000088 6008            STR              R0, [R1]    ; [R1] = R0 = 0
  189 0000008A         
  190 0000008A         ; maximum reload value
  191 0000008A 495B            LDR              R1, =NVIC_ST_RELOAD_R ; R1 = &N
                                                            VIC_ST_RELOAD_R
  192 0000008C 485B            LDR              R0, =0x00FFFFFF ;        ; R0 =
                                                             NVIC_ST_RELOAD_M
  193 0000008E 6008            STR              R0, [R1]    ; [R1] = R0 = NVIC_
                                                            ST_RELOAD_M
  194 00000090         
  195 00000090         ; any write to current clears it
  196 00000090 495B            LDR              R1, =NVIC_ST_CURRENT_R ; R1 = &
                                                            NVIC_ST_CURRENT_R
  197 00000092 F04F 0000       MOV              R0, #0      ; R0 = 0
  198 00000096 6008            STR              R0, [R1]    ; [R1] = R0 = 0
  199 00000098         
  200 00000098         ; enable SysTick with core clock
  201 00000098 4956            LDR              R1, =NVIC_ST_CTRL_R ; R1 = &NVI
                                                            C_ST_CTRL_R
  202 0000009A         ; R0 = ENABLE and CLK_SRC bits set
  203 0000009A F04F 0005       MOV              R0, #(0x00000001+0x00000004)
  204 0000009E 6008            STR              R0, [R1]    ; [R1] = R0 = (NVIC
                                                            _ST_CTRL_ENABLE|NVI
                                                            C_ST_CTRL_CLK_SRC)



ARM Macro Assembler    Page 8 


  205 000000A0 4770            BX               LR          ; return
  206 000000A2         
  207 000000A2         ;------------Start-----------------
  208 000000A2         
  209 000000A2         Start
  210 000000A2 F7FF FFFE       BL               TExaS_Init  ; running at 80 MHz
                                                            , scope voltmeter o
                                                            n PD3
  211 000000A6         
  212 000000A6         ; initialize Port E and F
  213 000000A6 F7FF FFAB       BL               init_PortE
  214 000000AA F7FF FFC1       BL               init_PortF
  215 000000AE         
  216 000000AE         ; initialize debugging dump, including SysTick
  217 000000AE F000 F844       BL               Debug_Init
  218 000000B2         
  219 000000B2 B662            CPSIE            I           ; TExaS voltmeter, 
                                                            scope runs on inter
                                                            rupts
  220 000000B4         
  221 000000B4         loop
  222 000000B4         ; Read PE1 (input switch)
  223 000000B4 4853            LDR              r0, =GPIO_PORTE_DATA_R
  224 000000B6 6801            LDR              r1, [r0]
  225 000000B8 F001 0102       AND              r1, r1, #0x02 ; mask bit 1
  226 000000BC 4A52            LDR              r2, =In_PE1
  227 000000BE 6011            STR              r1, [r2]    ; store PE1 value
  228 000000C0         
  229 000000C0         ; Read PE0 (LED output)
  230 000000C0 4850            LDR              r0, =GPIO_PORTE_DATA_R
  231 000000C2 6801            LDR              r1, [r0]
  232 000000C4 F001 0101       AND              r1, r1, #0x01 ; mask bit 0
  233 000000C8 4A50            LDR              r2, =Out_PE0
  234 000000CA 6011            STR              r1, [r2]    ; store PE0 value
  235 000000CC         
  236 000000CC         ; Read PF2 (heartbeat)
  237 000000CC 4848            LDR              r0, =GPIO_PORTF_DATA_R
  238 000000CE 6801            LDR              r1, [r0]
  239 000000D0 F001 0104       AND              r1, r1, #0x04
  240 000000D4 EA4F 0191       LSR              r1, r1, #2  ; shift to bit 0
  241 000000D8 4A4D            LDR              r2, =Heartbeat_PF2
  242 000000DA 6011            STR              r1, [r2]    ; store PF2 value
  243 000000DC         
  244 000000DC F000 F847       BL               Debug_Capture
  245 000000E0 F000 F825       BL               heartbeat   ; heartbeat
  246 000000E4 F000 F80C       BL               delay       ; Delay
  247 000000E8         
  248 000000E8         ;input PE1 test output PE0
  249 000000E8 4846            LDR              r0, =GPIO_PORTE_DATA_R
  250 000000EA 6801            LDR              r1, [r0]
  251 000000EC F001 0102       AND              r1, #0x02   ; Isolate PE1
  252 000000F0 2902            CMP              r1, #0x02   ; Compare to 1
  253 000000F2 D102            BNE              switch_off
  254 000000F4 F000 F815       BL               LED_Toggle  ; If not pressed
  255 000000F8 E7DC            B                loop
  256 000000FA         
  257 000000FA         ;------------Delay Subroutines------------
  258 000000FA         switch_off
  259 000000FA F000 F80C       BL               LED_On



ARM Macro Assembler    Page 9 


  260 000000FE E7D9            B                loop
  261 00000100         
  262 00000100         delay
  263 00000100 F44F 1498       MOV              r4, #0x00130000
  264 00000104         
  265 00000104         delay_loop
  266 00000104 1E64            SUBS             r4, r4, #1
  267 00000106 D1FD            BNE              delay_loop
  268 00000108 4770            BX               LR
  269 0000010A         
  270 0000010A         ;---------LED Subroutines------------
  271 0000010A         LED_Off
  272 0000010A 483E            LDR              R0, =GPIO_PORTE_DATA_R
  273 0000010C 6801            LDR              R1, [r0]
  274 0000010E F021 0101       AND              R1, #0xFFFFFFFE
  275 00000112 6001            STR              R1, [R0]
  276 00000114 4770            BX               LR
  277 00000116         
  278 00000116         LED_On
  279 00000116 483B            LDR              R0, =GPIO_PORTE_DATA_R
  280 00000118 6801            LDR              R1, [r0]
  281 0000011A F041 0101       ORR              R1, #0x01
  282 0000011E 6001            STR              R1, [R0]
  283 00000120 4770            BX               LR
  284 00000122         
  285 00000122         LED_Toggle
  286 00000122 4838            LDR              R0, =GPIO_PORTE_DATA_R
  287 00000124 6801            LDR              R1, [r0]
  288 00000126 F081 0101       EOR              R1, #0x01
  289 0000012A 6001            STR              R1, [R0]
  290 0000012C 4770            BX               LR
  291 0000012E         
  292 0000012E         ;---------Heartbeat Subroutine---------
  293 0000012E         heartbeat
  294 0000012E 4830            LDR              r0, =GPIO_PORTF_DATA_R
  295 00000130 6801            LDR              r1, [r0]
  296 00000132 F081 0104       EOR              r1, r1 , #0x04 ; toggle PF2
  297 00000136 6001            STR              r1, [r0]
  298 00000138 4770            BX               LR
  299 0000013A         
  300 0000013A         ;------------Debug_Init------------
  301 0000013A         ; Initializes the debugging instrument
  302 0000013A         ; Note: push/pop an even number of registers so C compil
                       er is happy
  303 0000013A         Debug_Init
  304 0000013A B51F            PUSH             {LR, r0, r1, r2, r3, r4}
  305 0000013C         
  306 0000013C         ; initialize buffers to 0
  307 0000013C F04F 0032       LDR              r0, =SIZE
  308 00000140 4934            LDR              r1, =DataBuffer
  309 00000142 4A35            LDR              r2, =TimeBuffer
  310 00000144 F04F 33FF       MOV              r3, #0xFFFFFFFF
  311 00000148         
  312 00000148         Debug_Init_Loop
  313 00000148 600B            STR              r3, [r1]
  314 0000014A 6013            STR              r3, [r2]
  315 0000014C F101 0104       ADD              r1, r1, #4
  316 00000150 F102 0204       ADD              r2, r2, #4
  317 00000154 1E40            SUBS             r0, r0, #1



ARM Macro Assembler    Page 10 


  318 00000156 D1F7            BNE              Debug_Init_Loop
  319 00000158         
  320 00000158 4830            LDR              r0, =DataPt
  321 0000015A 492E            LDR              r1, =DataBuffer
  322 0000015C 6001            STR              r1, [r0]    ; initialize data p
                                                            ointer
  323 0000015E         
  324 0000015E 4830            LDR              r0, =TimePt
  325 00000160 492D            LDR              r1, =TimeBuffer
  326 00000162 6001            STR              r1, [r0]    ; initialize time p
                                                            ointer
  327 00000164         
  328 00000164         ; init SysTick
  329 00000164 F7FF FF8D       BL               SysTick_Init
  330 00000168         
  331 00000168 E8BD 401F       POP              {LR, r0, r1, r2, r3, r4}
  332 0000016C 4770            BX               LR
  333 0000016E         
  334 0000016E         ;------------Debug_Capture------------
  335 0000016E         ; Dump Port E and time into buffers
  336 0000016E         ; Note: push/pop an even number of registers so C compil
                       er is happy
  337 0000016E         Debug_Capture
  338 0000016E B40F            PUSH             {r0, r1, r2, r3}
  339 00000170         
  340 00000170 482A            LDR              r0, =DataPt
  341 00000172 6802            LDR              r2, [r0]
  342 00000174 4927            LDR              r1, =DataBuffer
  343 00000176 F04F 0332       LDR              r3, =SIZE
  344 0000017A EA4F 0383       LSL              r3, r3, #2
  345 0000017E 4419            ADD              r1, r1, r3
  346 00000180 428A            CMP              r2, r1
  347 00000182 D21A            BHS              Debug_Capture_Return
  348 00000184         
  349 00000184         ; Read PE data
  350 00000184 481F            LDR              r0, =GPIO_PORTE_DATA_R
  351 00000186 6801            LDR              r1, [r0]
  352 00000188         
  353 00000188         ; Read current time
  354 00000188 481D            LDR              r0, =NVIC_ST_CURRENT_R
  355 0000018A 6803            LDR              r3, [r0]
  356 0000018C         
  357 0000018C F001 0103       AND              r1, r1, #0x03 ; mask to bits 1 
                                                            and 0
  358 00000190 460A            MOV              r2, r1      ; copy data
  359 00000192 EA4F 02C2       LSL              r2, r2, #3  ; shift bit 1 to bi
                                                            t 4
  360 00000196 F002 0210       AND              r2, r2, #0x10 ; mask
  361 0000019A F001 0101       AND              r1, r1, #0x01 ; mask
  362 0000019E EA41 0102       ORR              r1, r1, r2  ; combine back into
                                                             one register
  363 000001A2         
  364 000001A2         ; Store packed value in DataBuffer
  365 000001A2 481E            LDR              r0, =DataPt
  366 000001A4 6802            LDR              r2, [r0]
  367 000001A6 6011            STR              r1, [r2]
  368 000001A8 F102 0204       ADD              r2, r2, #4
  369 000001AC 6002            STR              r2, [r0]
  370 000001AE         



ARM Macro Assembler    Page 11 


  371 000001AE         ; Store SysTick in TimeBuffer
  372 000001AE 481C            LDR              r0, =TimePt
  373 000001B0 6802            LDR              r2, [r0]
  374 000001B2 6013            STR              r3, [r2]
  375 000001B4 F102 0204       ADD              r2, r2, #4
  376 000001B8 6002            STR              r2, [r0]
  377 000001BA         
  378 000001BA         Debug_Capture_Return
  379 000001BA BC0F            POP              {r0, r1, r2, r3}
  380 000001BC 4770            BX               LR
  381 000001BE         
  382 000001BE 00 00           ALIGN                        ; make sure the end
                                                             of this section is
                                                             aligned
  383 000001C0                 END                          ; end of file
              400FE608 
              40024528 
              40024400 
              40024420 
              4002451C 
              40025520 
              4C4F434B 
              40025524 
              40025528 
              40025400 
              40025420 
              4002551C 
              400253FC 
              E000E010 
              E000E014 
              00FFFFFF 
              E000E018 
              400243FC 
              00000000 
              00000000 
              00000000 
              00000000 
              00000000 
              00000000 
              00000000 
Command Line: --debug --xref --cpu=Cortex-M4 --apcs=interwork --depend=.\main.d
 -o.\main.o -IC:\Keil\ARM\RV31\INC -IC:\Keil\ARM\CMSIS\Include -IC:\Keil\ARM\In
c\Luminary --predefine="__EVAL SETA 1" --list=.\main.lst main.s



ARM Macro Assembler    Page 1 Alphabetic symbol ordering
Relocatable symbols

DATA 00000000

Symbol: DATA
   Definitions
      At line 63 in file main.s
   Uses
      None
Comment: DATA unused
DataBuffer 00000000

Symbol: DataBuffer
   Definitions
      At line 68 in file main.s
   Uses
      At line 77 in file main.s
      At line 308 in file main.s
      At line 321 in file main.s
      At line 342 in file main.s

DataPt 00000190

Symbol: DataPt
   Definitions
      At line 70 in file main.s
   Uses
      At line 79 in file main.s
      At line 320 in file main.s
      At line 340 in file main.s
      At line 365 in file main.s

Heartbeat_PF2 000001A0

Symbol: Heartbeat_PF2
   Definitions
      At line 74 in file main.s
   Uses
      At line 83 in file main.s
      At line 241 in file main.s

In_PE1 0000019C

Symbol: In_PE1
   Definitions
      At line 73 in file main.s
   Uses
      At line 82 in file main.s
      At line 226 in file main.s

Out_PE0 00000198

Symbol: Out_PE0
   Definitions
      At line 72 in file main.s
   Uses
      At line 81 in file main.s
      At line 233 in file main.s

TimeBuffer 000000C8




ARM Macro Assembler    Page 2 Alphabetic symbol ordering
Relocatable symbols

Symbol: TimeBuffer
   Definitions
      At line 69 in file main.s
   Uses
      At line 78 in file main.s
      At line 309 in file main.s
      At line 325 in file main.s

TimePt 00000194

Symbol: TimePt
   Definitions
      At line 71 in file main.s
   Uses
      At line 80 in file main.s
      At line 324 in file main.s
      At line 372 in file main.s

8 symbols



ARM Macro Assembler    Page 1 Alphabetic symbol ordering
Relocatable symbols

.text 00000000

Symbol: .text
   Definitions
      At line 86 in file main.s
   Uses
      None
Comment: .text unused
Debug_Capture 0000016E

Symbol: Debug_Capture
   Definitions
      At line 337 in file main.s
   Uses
      At line 244 in file main.s
Comment: Debug_Capture used once
Debug_Capture_Return 000001BA

Symbol: Debug_Capture_Return
   Definitions
      At line 378 in file main.s
   Uses
      At line 347 in file main.s
Comment: Debug_Capture_Return used once
Debug_Init 0000013A

Symbol: Debug_Init
   Definitions
      At line 303 in file main.s
   Uses
      At line 217 in file main.s
Comment: Debug_Init used once
Debug_Init_Loop 00000148

Symbol: Debug_Init_Loop
   Definitions
      At line 312 in file main.s
   Uses
      At line 318 in file main.s
Comment: Debug_Init_Loop used once
LED_Off 0000010A

Symbol: LED_Off
   Definitions
      At line 271 in file main.s
   Uses
      None
Comment: LED_Off unused
LED_On 00000116

Symbol: LED_On
   Definitions
      At line 278 in file main.s
   Uses
      At line 259 in file main.s
Comment: LED_On used once
LED_Toggle 00000122

Symbol: LED_Toggle



ARM Macro Assembler    Page 2 Alphabetic symbol ordering
Relocatable symbols

   Definitions
      At line 285 in file main.s
   Uses
      At line 254 in file main.s
Comment: LED_Toggle used once
Start 000000A2

Symbol: Start
   Definitions
      At line 209 in file main.s
   Uses
      At line 88 in file main.s
Comment: Start used once
SysTick_Init 00000082

Symbol: SysTick_Init
   Definitions
      At line 183 in file main.s
   Uses
      At line 329 in file main.s
Comment: SysTick_Init used once
delay 00000100

Symbol: delay
   Definitions
      At line 262 in file main.s
   Uses
      At line 246 in file main.s
Comment: delay used once
delay_loop 00000104

Symbol: delay_loop
   Definitions
      At line 265 in file main.s
   Uses
      At line 267 in file main.s
Comment: delay_loop used once
heartbeat 0000012E

Symbol: heartbeat
   Definitions
      At line 293 in file main.s
   Uses
      At line 245 in file main.s
Comment: heartbeat used once
init_PortE 00000000

Symbol: init_PortE
   Definitions
      At line 93 in file main.s
   Uses
      At line 213 in file main.s
Comment: init_PortE used once
init_PortF 00000030

Symbol: init_PortF
   Definitions
      At line 127 in file main.s
   Uses



ARM Macro Assembler    Page 3 Alphabetic symbol ordering
Relocatable symbols

      At line 214 in file main.s
Comment: init_PortF used once
loop 000000B4

Symbol: loop
   Definitions
      At line 221 in file main.s
   Uses
      At line 255 in file main.s
      At line 260 in file main.s

switch_off 000000FA

Symbol: switch_off
   Definitions
      At line 258 in file main.s
   Uses
      At line 253 in file main.s
Comment: switch_off used once
17 symbols



ARM Macro Assembler    Page 1 Alphabetic symbol ordering
Absolute symbols

GPIO_PORTE_AFSEL_R 40024420

Symbol: GPIO_PORTE_AFSEL_R
   Definitions
      At line 40 in file main.s
   Uses
      At line 115 in file main.s
Comment: GPIO_PORTE_AFSEL_R used once
GPIO_PORTE_AMSEL_R 40024528

Symbol: GPIO_PORTE_AMSEL_R
   Definitions
      At line 41 in file main.s
   Uses
      At line 105 in file main.s
Comment: GPIO_PORTE_AMSEL_R used once
GPIO_PORTE_DATA_R 400243FC

Symbol: GPIO_PORTE_DATA_R
   Definitions
      At line 38 in file main.s
   Uses
      At line 223 in file main.s
      At line 230 in file main.s
      At line 249 in file main.s
      At line 272 in file main.s
      At line 279 in file main.s
      At line 286 in file main.s
      At line 350 in file main.s

GPIO_PORTE_DEN_R 4002451C

Symbol: GPIO_PORTE_DEN_R
   Definitions
      At line 43 in file main.s
   Uses
      At line 120 in file main.s
Comment: GPIO_PORTE_DEN_R used once
GPIO_PORTE_DIR_R 40024400

Symbol: GPIO_PORTE_DIR_R
   Definitions
      At line 39 in file main.s
   Uses
      At line 110 in file main.s
Comment: GPIO_PORTE_DIR_R used once
GPIO_PORTE_PCTL_R 4002452C

Symbol: GPIO_PORTE_PCTL_R
   Definitions
      At line 44 in file main.s
   Uses
      None
Comment: GPIO_PORTE_PCTL_R unused
GPIO_PORTE_PUR_R 40024510

Symbol: GPIO_PORTE_PUR_R
   Definitions
      At line 42 in file main.s



ARM Macro Assembler    Page 2 Alphabetic symbol ordering
Absolute symbols

   Uses
      None
Comment: GPIO_PORTE_PUR_R unused
GPIO_PORTF_AFSEL_R 40025420

Symbol: GPIO_PORTF_AFSEL_R
   Definitions
      At line 49 in file main.s
   Uses
      At line 163 in file main.s
Comment: GPIO_PORTF_AFSEL_R used once
GPIO_PORTF_AMSEL_R 40025528

Symbol: GPIO_PORTF_AMSEL_R
   Definitions
      At line 52 in file main.s
   Uses
      At line 151 in file main.s
Comment: GPIO_PORTF_AMSEL_R used once
GPIO_PORTF_CR_R 40025524

Symbol: GPIO_PORTF_CR_R
   Definitions
      At line 55 in file main.s
   Uses
      At line 145 in file main.s
Comment: GPIO_PORTF_CR_R used once
GPIO_PORTF_DATA_R 400253FC

Symbol: GPIO_PORTF_DATA_R
   Definitions
      At line 47 in file main.s
   Uses
      At line 175 in file main.s
      At line 237 in file main.s
      At line 294 in file main.s

GPIO_PORTF_DEN_R 4002551C

Symbol: GPIO_PORTF_DEN_R
   Definitions
      At line 51 in file main.s
   Uses
      At line 169 in file main.s
Comment: GPIO_PORTF_DEN_R used once
GPIO_PORTF_DIR_R 40025400

Symbol: GPIO_PORTF_DIR_R
   Definitions
      At line 48 in file main.s
   Uses
      At line 157 in file main.s
Comment: GPIO_PORTF_DIR_R used once
GPIO_PORTF_LOCK_R 40025520

Symbol: GPIO_PORTF_LOCK_R
   Definitions
      At line 54 in file main.s
   Uses



ARM Macro Assembler    Page 3 Alphabetic symbol ordering
Absolute symbols

      At line 140 in file main.s
Comment: GPIO_PORTF_LOCK_R used once
GPIO_PORTF_PCTL_R 4002552C

Symbol: GPIO_PORTF_PCTL_R
   Definitions
      At line 53 in file main.s
   Uses
      None
Comment: GPIO_PORTF_PCTL_R unused
GPIO_PORTF_PUR_R 40025510

Symbol: GPIO_PORTF_PUR_R
   Definitions
      At line 50 in file main.s
   Uses
      None
Comment: GPIO_PORTF_PUR_R unused
LED 40024008

Symbol: LED
   Definitions
      At line 29 in file main.s
   Uses
      None
Comment: LED unused
NVIC_ST_CTRL_R E000E010

Symbol: NVIC_ST_CTRL_R
   Definitions
      At line 58 in file main.s
   Uses
      At line 186 in file main.s
      At line 201 in file main.s

NVIC_ST_CURRENT_R E000E018

Symbol: NVIC_ST_CURRENT_R
   Definitions
      At line 60 in file main.s
   Uses
      At line 196 in file main.s
      At line 354 in file main.s

NVIC_ST_RELOAD_R E000E014

Symbol: NVIC_ST_RELOAD_R
   Definitions
      At line 59 in file main.s
   Uses
      At line 191 in file main.s
Comment: NVIC_ST_RELOAD_R used once
SIZE 00000032

Symbol: SIZE
   Definitions
      At line 64 in file main.s
   Uses
      At line 68 in file main.s



ARM Macro Assembler    Page 4 Alphabetic symbol ordering
Absolute symbols

      At line 69 in file main.s
      At line 307 in file main.s
      At line 343 in file main.s

SWITCH 40024004

Symbol: SWITCH
   Definitions
      At line 28 in file main.s
   Uses
      None
Comment: SWITCH unused
SYSCTL_RCGC2_GPIOE 00000010

Symbol: SYSCTL_RCGC2_GPIOE
   Definitions
      At line 34 in file main.s
   Uses
      None
Comment: SYSCTL_RCGC2_GPIOE unused
SYSCTL_RCGC2_GPIOF 00000020

Symbol: SYSCTL_RCGC2_GPIOF
   Definitions
      At line 35 in file main.s
   Uses
      None
Comment: SYSCTL_RCGC2_GPIOF unused
SYSCTL_RCGCGPIO_R 400FE608

Symbol: SYSCTL_RCGCGPIO_R
   Definitions
      At line 33 in file main.s
   Uses
      At line 96 in file main.s
      At line 130 in file main.s

UNLOCK_PORTF 4C4F434B

Symbol: UNLOCK_PORTF
   Definitions
      At line 30 in file main.s
   Uses
      At line 141 in file main.s
Comment: UNLOCK_PORTF used once
26 symbols



ARM Macro Assembler    Page 1 Alphabetic symbol ordering
External symbols

TExaS_Init 00000000

Symbol: TExaS_Init
   Definitions
      At line 89 in file main.s
   Uses
      At line 210 in file main.s
Comment: TExaS_Init used once
1 symbol
385 symbols in table
